

Processing SectionsController#index (for 127.0.0.1 at 2009-07-03 06:57:04) [GET]
  [4;36;1mSection Load (0.0ms)[0m   [0;1mSQLite3::SQLException: no such table: sections: SELECT * FROM "sections" [0m

ActiveRecord::StatementInvalid (SQLite3::SQLException: no such table: sections: SELECT * FROM "sections" ):
  app/controllers/sections_controller.rb:6:in `index'
  /usr/lib/ruby/1.8/webrick/httpserver.rb:104:in `service'
  /usr/lib/ruby/1.8/webrick/httpserver.rb:65:in `run'
  /usr/lib/ruby/1.8/webrick/server.rb:173:in `start_thread'
  /usr/lib/ruby/1.8/webrick/server.rb:162:in `start'
  /usr/lib/ruby/1.8/webrick/server.rb:162:in `start_thread'
  /usr/lib/ruby/1.8/webrick/server.rb:95:in `start'
  /usr/lib/ruby/1.8/webrick/server.rb:92:in `each'
  /usr/lib/ruby/1.8/webrick/server.rb:92:in `start'
  /usr/lib/ruby/1.8/webrick/server.rb:23:in `start'
  /usr/lib/ruby/1.8/webrick/server.rb:82:in `start'

Rendered rescues/_trace (271.0ms)
Rendered rescues/_request_and_response (18.0ms)
Rendering rescues/layout (internal_server_error)
  [4;36;1mSQL (4.0ms)[0m   [0;1m SELECT name
 FROM sqlite_master
 WHERE type = 'table' AND NOT name = 'sqlite_sequence'
[0m
  [4;35;1mSQL (2.0ms)[0m   [0mselect sqlite_version(*)[0m
  [4;36;1mSQL (288.0ms)[0m   [0;1mCREATE TABLE "schema_migrations" ("version" varchar(255) NOT NULL) [0m
  [4;35;1mSQL (326.0ms)[0m   [0mCREATE UNIQUE INDEX "unique_schema_migrations" ON "schema_migrations" ("version")[0m
  [4;36;1mSQL (2.0ms)[0m   [0;1m SELECT name
 FROM sqlite_master
 WHERE type = 'table' AND NOT name = 'sqlite_sequence'
[0m
  [4;35;1mSQL (1.0ms)[0m   [0mSELECT version FROM schema_migrations[0m
Migrating to CreateSections (20090703023426)
  [4;36;1mSQL (6.0ms)[0m   [0;1mCREATE TABLE "sections" ("id" INTEGER PRIMARY KEY AUTOINCREMENT NOT NULL, "title" varchar(255), "keywords" varchar(255), "meta" varchar(255), "content" text, "status" boolean DEFAULT 'f', "created_at" datetime, "updated_at" datetime) [0m
  [4;35;1mSQL (1.0ms)[0m   [0mINSERT INTO schema_migrations (version) VALUES ('20090703023426')[0m
  [4;36;1mSQL (3.0ms)[0m   [0;1m SELECT name
 FROM sqlite_master
 WHERE type = 'table' AND NOT name = 'sqlite_sequence'
[0m
  [4;35;1mSQL (2.0ms)[0m   [0mSELECT version FROM schema_migrations[0m
  [4;36;1mSQL (3.0ms)[0m   [0;1m SELECT name
 FROM sqlite_master
 WHERE type = 'table' AND NOT name = 'sqlite_sequence'
[0m
  [4;35;1mSQL (3.0ms)[0m   [0mPRAGMA index_list("sections")[0m


Processing SectionsController#index (for 127.0.0.1 at 2009-07-03 07:00:13) [GET]
  [4;35;1mSection Load (2.0ms)[0m   [0mSELECT * FROM "sections" [0m
Rendering template within layouts/application
Rendering sections/index
Completed in 912ms (View: 529, DB: 2) | 200 OK [http://localhost/sections]


Processing SectionsController#new (for 127.0.0.1 at 2009-07-03 07:00:37) [GET]
Rendering template within layouts/application
Rendering sections/new
Completed in 624ms (View: 531, DB: 0) | 200 OK [http://localhost/sections/new]
  [4;36;1mSQL (5.0ms)[0m   [0;1m SELECT name
 FROM sqlite_master
 WHERE type = 'table' AND NOT name = 'sqlite_sequence'
[0m
  [4;35;1mSQL (3.0ms)[0m   [0mSELECT version FROM schema_migrations[0m
Migrating to CreateSections (20090703023426)
Migrating to AddAttachmentsImageToSections (20090703050741)
  [4;36;1mSQL (2.0ms)[0m   [0;1mselect sqlite_version(*)[0m
  [4;35;1mSQL (150.0ms)[0m   [0mALTER TABLE "sections" ADD "image_file_name" varchar(255)[0m
  [4;36;1mSQL (2.0ms)[0m   [0;1mALTER TABLE "sections" ADD "image_content_type" varchar(255)[0m
  [4;35;1mSQL (2.0ms)[0m   [0mALTER TABLE "sections" ADD "image_file_size" integer[0m
  [4;36;1mSQL (2.0ms)[0m   [0;1mALTER TABLE "sections" ADD "image_updated_at" datetime[0m
  [4;35;1mSQL (2.0ms)[0m   [0mINSERT INTO schema_migrations (version) VALUES ('20090703050741')[0m
  [4;36;1mSQL (3.0ms)[0m   [0;1m SELECT name
 FROM sqlite_master
 WHERE type = 'table' AND NOT name = 'sqlite_sequence'
[0m
  [4;35;1mSQL (3.0ms)[0m   [0mSELECT version FROM schema_migrations[0m
  [4;36;1mSQL (3.0ms)[0m   [0;1m SELECT name
 FROM sqlite_master
 WHERE type = 'table' AND NOT name = 'sqlite_sequence'
[0m
  [4;35;1mSQL (1.0ms)[0m   [0mPRAGMA index_list("sections")[0m


Processing SectionsController#new (for 127.0.0.1 at 2009-07-03 07:12:49) [GET]
  [4;36;1mSQL (19.0ms)[0m   [0;1m SELECT name
 FROM sqlite_master
 WHERE type = 'table' AND NOT name = 'sqlite_sequence'
[0m
  [4;35;1mSQL (3.0ms)[0m   [0m SELECT name
 FROM sqlite_master
 WHERE type = 'table' AND NOT name = 'sqlite_sequence'
[0m

NoMethodError (undefined method `has_attached_file' for #<Class:0x7f40c020>):
  app/models/section.rb:4
  app/controllers/sections_controller.rb:28:in `new'
  /usr/lib/ruby/1.8/webrick/httpserver.rb:104:in `service'
  /usr/lib/ruby/1.8/webrick/httpserver.rb:65:in `run'
  /usr/lib/ruby/1.8/webrick/server.rb:173:in `start_thread'
  /usr/lib/ruby/1.8/webrick/server.rb:162:in `start'
  /usr/lib/ruby/1.8/webrick/server.rb:162:in `start_thread'
  /usr/lib/ruby/1.8/webrick/server.rb:95:in `start'
  /usr/lib/ruby/1.8/webrick/server.rb:92:in `each'
  /usr/lib/ruby/1.8/webrick/server.rb:92:in `start'
  /usr/lib/ruby/1.8/webrick/server.rb:23:in `start'
  /usr/lib/ruby/1.8/webrick/server.rb:82:in `start'

Rendered rescues/_trace (962.0ms)
Rendered rescues/_request_and_response (17.0ms)
Rendering rescues/layout (internal_server_error)


Processing SectionsController#new (for 127.0.0.1 at 2009-07-03 07:14:16) [GET]
Rendering template within layouts/application
Rendering sections/new
Completed in 254ms (View: 205, DB: 0) | 200 OK [http://localhost/sections/new]


Processing SectionsController#create (for 127.0.0.1 at 2009-07-03 07:16:32) [POST]
  Parameters: {"section"=>{"title"=>"Section blog", "meta"=>"", "content"=>"<div style=\"text-align: justify;\">Proinde concepta rabie saeviore, quam desperatio incendebat et fames,\r\namplificatis viribus ardore incohibili in excidium urbium matris\r\nSeleuciae efferebantur, quam comes tuebatur Castricius tresque legiones\r\nbellicis sudoribus induratae.</div>", "image"=>#<File:/cygdrive/c/DOCUME~1/ADMINI~1/LOCALS~1/Temp/RackMultipart20090703-3608-oexuyf-0>, "status"=>"0", "keywords"=>"blog, section"}, "commit"=>"Create", "authenticity_token"=>"CwKI5hUXMip1jJjIkKwSclIaF0xcumMGZ5ymXCfDSM4="}
  [4;36;1mSection Create (4.0ms)[0m   [0;1mINSERT INTO "sections" ("created_at", "image_file_name", "title", "image_file_size", "updated_at", "image_content_type", "meta", "content", "status", "image_updated_at", "keywords") VALUES('2009-07-03 05:16:47', 'hacker.jpg', 'Section blog', 25997, '2009-07-03 05:16:47', 'image/jpeg', '', '<div style="text-align: justify;">Proinde concepta rabie saeviore, quam desperatio incendebat et fames,
amplificatis viribus ardore incohibili in excidium urbium matris
Seleuciae efferebantur, quam comes tuebatur Castricius tresque legiones
bellicis sudoribus induratae.</div>', 'f', '2009-07-03 05:16:32', 'blog, section')[0m
[paperclip] Saving attachments.
[paperclip] saving /home/Administrateur/projects/text-project/blog/textile/public/assets/sections/1/thumb/hacker.jpg
[paperclip] saving /home/Administrateur/projects/text-project/blog/textile/public/assets/sections/1/original/hacker.jpg
[paperclip] saving /home/Administrateur/projects/text-project/blog/textile/public/assets/sections/1/small/hacker.jpg
Redirected to http://localhost:3000/sections/1
Completed in 17096ms (DB: 4) | 302 Found [http://localhost/sections]


Processing SectionsController#show (for 127.0.0.1 at 2009-07-03 07:16:50) [GET]
  Parameters: {"id"=>"1"}
  [4;35;1mSection Load (3.0ms)[0m   [0mSELECT * FROM "sections" WHERE ("sections"."id" = 1) [0m
Rendering template within layouts/application
Rendering sections/show
Completed in 322ms (View: 89, DB: 3) | 200 OK [http://localhost/sections/1]


Processing SectionsController#show (for 127.0.0.1 at 2009-07-03 07:17:17) [GET]
  Parameters: {"id"=>"1"}
  [4;36;1mSection Load (24.0ms)[0m   [0;1mSELECT * FROM "sections" WHERE ("sections"."id" = 1) [0m
Rendering template within layouts/application
Rendering sections/show
Completed in 351ms (View: 143, DB: 24) | 200 OK [http://localhost/sections/1]


Processing SectionsController#show (for 127.0.0.1 at 2009-07-03 07:18:01) [GET]
  Parameters: {"id"=>"1"}
  [4;35;1mSection Load (3.0ms)[0m   [0mSELECT * FROM "sections" WHERE ("sections"."id" = 1) [0m
Rendering template within layouts/application
Rendering sections/show
Completed in 297ms (View: 128, DB: 3) | 200 OK [http://localhost/sections/1]


Processing SectionsController#show (for 127.0.0.1 at 2009-07-03 07:18:36) [GET]
  Parameters: {"id"=>"1"}
  [4;36;1mSection Load (3.0ms)[0m   [0;1mSELECT * FROM "sections" WHERE ("sections"."id" = 1) [0m
Rendering template within layouts/application
Rendering sections/show
Completed in 260ms (View: 118, DB: 3) | 200 OK [http://localhost/sections/1]


Processing SectionsController#show (for 127.0.0.1 at 2009-07-03 07:19:01) [GET]
  Parameters: {"id"=>"1"}
  [4;35;1mSection Load (2.0ms)[0m   [0mSELECT * FROM "sections" WHERE ("sections"."id" = 1) [0m
Rendering template within layouts/application
Rendering sections/show
Completed in 248ms (View: 45, DB: 2) | 200 OK [http://localhost/sections/1]


Processing SectionsController#show (for 127.0.0.1 at 2009-07-03 07:19:19) [GET]
  Parameters: {"id"=>"1"}
  [4;36;1mSection Load (2.0ms)[0m   [0;1mSELECT * FROM "sections" WHERE ("sections"."id" = 1) [0m
Rendering template within layouts/application
Rendering sections/show
Completed in 249ms (View: 122, DB: 2) | 200 OK [http://localhost/sections/1]


Processing SectionsController#show (for 127.0.0.1 at 2009-07-03 07:19:41) [GET]
  Parameters: {"id"=>"1"}
  [4;35;1mSection Load (2.0ms)[0m   [0mSELECT * FROM "sections" WHERE ("sections"."id" = 1) [0m
Rendering template within layouts/application
Rendering sections/show
ERROR: compiling _run_erb_app47views47sections47show46html46erb RAISED compile error
/home/Administrateur/projects/text-project/blog/textile/app/views/sections/show.html.erb:7: syntax error, unexpected tSYMBEG, expecting ')'
... :thumb , @section.image.url :thumb ).to_s); @output_buffer....
                              ^
Function body:           def _run_erb_app47views47sections47show46html46erb(local_assigns)
            old_output_buffer = output_buffer;;@output_buffer = '';  __in_erb_template=true ; @output_buffer.concat "<p>\n  <b>Title:</b>\n  "

; @output_buffer.concat((h @section.title ).to_s); @output_buffer.concat "\n</p>\n<p>\n  <b>Image:</b>\n  "



; @output_buffer.concat(( image_tag @section.image.url :thumb , @section.image.url :thumb ).to_s); @output_buffer.concat "\n</p>\n\n<p>\n  <b>Keywords:</b>\n  "




; @output_buffer.concat((h @section.keywords ).to_s); @output_buffer.concat "\n</p>\n\n<p>\n  <b>Meta:</b>\n  "




; @output_buffer.concat((h @section.meta ).to_s); @output_buffer.concat "\n</p>\n\n<p>\n  <b>Content:</b>\n  "




; @output_buffer.concat(( @section.content ).to_s); @output_buffer.concat "\n</p>\n\n<p>\n  <b>Status:</b>\n  "




; @output_buffer.concat((h @section.status ).to_s); @output_buffer.concat "\n</p>\n\n\n"



; @output_buffer.concat(( link_to 'Edit', edit_section_path(@section) ).to_s); @output_buffer.concat " |\n"
; @output_buffer.concat(( link_to 'Back', sections_path ).to_s); @output_buffer
          ensure
            self.output_buffer = old_output_buffer
          end
Backtrace: /home/Administrateur/projects/text-project/blog/textile/app/views/sections/show.html.erb:35:in `compile!'
/usr/lib/ruby/gems/1.8/gems/actionpack-2.3.2/lib/action_view/renderable.rb:61:in `compile'
/usr/lib/ruby/gems/1.8/gems/actionpack-2.3.2/lib/action_view/renderable.rb:28:in `render'
/usr/lib/ruby/gems/1.8/gems/actionpack-2.3.2/lib/action_view/template.rb:194:in `render_template'
/usr/lib/ruby/gems/1.8/gems/actionpack-2.3.2/lib/action_view/base.rb:260:in `render'
/usr/lib/ruby/gems/1.8/gems/actionpack-2.3.2/lib/action_view/base.rb:343:in `_render_with_layout'
/usr/lib/ruby/gems/1.8/gems/actionpack-2.3.2/lib/action_view/base.rb:257:in `render'
/usr/lib/ruby/gems/1.8/gems/actionpack-2.3.2/lib/action_controller/base.rb:1241:in `render_for_file'
/usr/lib/ruby/gems/1.8/gems/actionpack-2.3.2/lib/action_controller/base.rb:943:in `render_without_benchmark'
/usr/lib/ruby/gems/1.8/gems/actionpack-2.3.2/lib/action_controller/benchmarking.rb:51:in `render'
/usr/lib/ruby/gems/1.8/gems/activesupport-2.3.2/lib/active_support/core_ext/benchmark.rb:17:in `ms'
/usr/lib/ruby/1.8/benchmark.rb:308:in `realtime'
/usr/lib/ruby/gems/1.8/gems/activesupport-2.3.2/lib/active_support/core_ext/benchmark.rb:17:in `ms'
/usr/lib/ruby/gems/1.8/gems/actionpack-2.3.2/lib/action_controller/benchmarking.rb:51:in `render'
/usr/lib/ruby/gems/1.8/gems/actionpack-2.3.2/lib/action_controller/mime_responds.rb:135:in `send'
/usr/lib/ruby/gems/1.8/gems/actionpack-2.3.2/lib/action_controller/mime_responds.rb:135:in `custom'
/usr/lib/ruby/gems/1.8/gems/actionpack-2.3.2/lib/action_controller/mime_responds.rb:179:in `call'
/usr/lib/ruby/gems/1.8/gems/actionpack-2.3.2/lib/action_controller/mime_responds.rb:179:in `respond'
/usr/lib/ruby/gems/1.8/gems/actionpack-2.3.2/lib/action_controller/mime_responds.rb:173:in `each'
/usr/lib/ruby/gems/1.8/gems/actionpack-2.3.2/lib/action_controller/mime_responds.rb:173:in `respond'
/usr/lib/ruby/gems/1.8/gems/actionpack-2.3.2/lib/action_controller/mime_responds.rb:107:in `respond_to'
/home/Administrateur/projects/text-project/blog/textile/app/controllers/sections_controller.rb:19:in `show'
/usr/lib/ruby/gems/1.8/gems/actionpack-2.3.2/lib/action_controller/base.rb:1322:in `send'
/usr/lib/ruby/gems/1.8/gems/actionpack-2.3.2/lib/action_controller/base.rb:1322:in `perform_action_without_filters'
/usr/lib/ruby/gems/1.8/gems/actionpack-2.3.2/lib/action_controller/filters.rb:617:in `call_filters'
/usr/lib/ruby/gems/1.8/gems/actionpack-2.3.2/lib/action_controller/filters.rb:610:in `perform_action_without_benchmark'
/usr/lib/ruby/gems/1.8/gems/actionpack-2.3.2/lib/action_controller/benchmarking.rb:68:in `perform_action_without_rescue'
/usr/lib/ruby/gems/1.8/gems/activesupport-2.3.2/lib/active_support/core_ext/benchmark.rb:17:in `ms'
/usr/lib/ruby/1.8/benchmark.rb:308:in `realtime'
/usr/lib/ruby/gems/1.8/gems/activesupport-2.3.2/lib/active_support/core_ext/benchmark.rb:17:in `ms'
/usr/lib/ruby/gems/1.8/gems/actionpack-2.3.2/lib/action_controller/benchmarking.rb:68:in `perform_action_without_rescue'
/usr/lib/ruby/gems/1.8/gems/actionpack-2.3.2/lib/action_controller/rescue.rb:160:in `perform_action_without_flash'
/usr/lib/ruby/gems/1.8/gems/actionpack-2.3.2/lib/action_controller/flash.rb:141:in `perform_action'
/usr/lib/ruby/gems/1.8/gems/actionpack-2.3.2/lib/action_controller/base.rb:523:in `send'
/usr/lib/ruby/gems/1.8/gems/actionpack-2.3.2/lib/action_controller/base.rb:523:in `process_without_filters'
/usr/lib/ruby/gems/1.8/gems/actionpack-2.3.2/lib/action_controller/filters.rb:606:in `process'
/usr/lib/ruby/gems/1.8/gems/actionpack-2.3.2/lib/action_controller/base.rb:391:in `process'
/usr/lib/ruby/gems/1.8/gems/actionpack-2.3.2/lib/action_controller/base.rb:386:in `call'
/usr/lib/ruby/gems/1.8/gems/actionpack-2.3.2/lib/action_controller/routing/route_set.rb:433:in `call'
/usr/lib/ruby/gems/1.8/gems/actionpack-2.3.2/lib/action_controller/dispatcher.rb:88:in `dispatch'
/usr/lib/ruby/gems/1.8/gems/actionpack-2.3.2/lib/action_controller/dispatcher.rb:111:in `_call'
/usr/lib/ruby/gems/1.8/gems/actionpack-2.3.2/lib/action_controller/dispatcher.rb:82:in `initialize'
/usr/lib/ruby/gems/1.8/gems/activerecord-2.3.2/lib/active_record/query_cache.rb:29:in `call'
/usr/lib/ruby/gems/1.8/gems/activerecord-2.3.2/lib/active_record/query_cache.rb:29:in `call'
/usr/lib/ruby/gems/1.8/gems/activerecord-2.3.2/lib/active_record/connection_adapters/abstract/query_cache.rb:34:in `cache'
/usr/lib/ruby/gems/1.8/gems/activerecord-2.3.2/lib/active_record/query_cache.rb:9:in `cache'
/usr/lib/ruby/gems/1.8/gems/activerecord-2.3.2/lib/active_record/query_cache.rb:28:in `call'
/usr/lib/ruby/gems/1.8/gems/activerecord-2.3.2/lib/active_record/connection_adapters/abstract/connection_pool.rb:361:in `call'
/usr/lib/ruby/gems/1.8/gems/actionpack-2.3.2/lib/action_controller/vendor/rack-1.0/rack/head.rb:9:in `call'
/usr/lib/ruby/gems/1.8/gems/actionpack-2.3.2/lib/action_controller/vendor/rack-1.0/rack/methodoverride.rb:24:in `call'
/usr/lib/ruby/gems/1.8/gems/actionpack-2.3.2/lib/action_controller/params_parser.rb:15:in `call'
/usr/lib/ruby/gems/1.8/gems/actionpack-2.3.2/lib/action_controller/rewindable_input.rb:25:in `call'
/usr/lib/ruby/gems/1.8/gems/actionpack-2.3.2/lib/action_controller/session/cookie_store.rb:93:in `call'
/usr/lib/ruby/gems/1.8/gems/actionpack-2.3.2/lib/action_controller/reloader.rb:9:in `call'
/usr/lib/ruby/gems/1.8/gems/actionpack-2.3.2/lib/action_controller/failsafe.rb:11:in `call'
/usr/lib/ruby/gems/1.8/gems/actionpack-2.3.2/lib/action_controller/vendor/rack-1.0/rack/lock.rb:11:in `call'
/usr/lib/ruby/gems/1.8/gems/actionpack-2.3.2/lib/action_controller/vendor/rack-1.0/rack/lock.rb:11:in `synchronize'
/usr/lib/ruby/gems/1.8/gems/actionpack-2.3.2/lib/action_controller/vendor/rack-1.0/rack/lock.rb:11:in `call'
/usr/lib/ruby/gems/1.8/gems/actionpack-2.3.2/lib/action_controller/dispatcher.rb:106:in `call'
/usr/lib/ruby/gems/1.8/gems/rails-2.3.2/lib/rails/rack/static.rb:31:in `call'
/usr/lib/ruby/gems/1.8/gems/actionpack-2.3.2/lib/action_controller/vendor/rack-1.0/rack/urlmap.rb:46:in `call'
/usr/lib/ruby/gems/1.8/gems/actionpack-2.3.2/lib/action_controller/vendor/rack-1.0/rack/urlmap.rb:40:in `each'
/usr/lib/ruby/gems/1.8/gems/actionpack-2.3.2/lib/action_controller/vendor/rack-1.0/rack/urlmap.rb:40:in `call'
/usr/lib/ruby/gems/1.8/gems/rails-2.3.2/lib/rails/rack/log_tailer.rb:17:in `call'
/usr/lib/ruby/gems/1.8/gems/actionpack-2.3.2/lib/action_controller/vendor/rack-1.0/rack/content_length.rb:13:in `call'
/usr/lib/ruby/gems/1.8/gems/actionpack-2.3.2/lib/action_controller/vendor/rack-1.0/rack/handler/webrick.rb:46:in `service'
/usr/lib/ruby/1.8/webrick/httpserver.rb:104:in `service'
/usr/lib/ruby/1.8/webrick/httpserver.rb:65:in `run'
/usr/lib/ruby/1.8/webrick/server.rb:173:in `start_thread'
/usr/lib/ruby/1.8/webrick/server.rb:162:in `start'
/usr/lib/ruby/1.8/webrick/server.rb:162:in `start_thread'
/usr/lib/ruby/1.8/webrick/server.rb:95:in `start'
/usr/lib/ruby/1.8/webrick/server.rb:92:in `each'
/usr/lib/ruby/1.8/webrick/server.rb:92:in `start'
/usr/lib/ruby/1.8/webrick/server.rb:23:in `start'
/usr/lib/ruby/1.8/webrick/server.rb:82:in `start'
/usr/lib/ruby/gems/1.8/gems/actionpack-2.3.2/lib/action_controller/vendor/rack-1.0/rack/handler/webrick.rb:13:in `run'
/usr/lib/ruby/gems/1.8/gems/rails-2.3.2/lib/commands/server.rb:111
/usr/lib/ruby/site_ruby/1.8/rubygems/custom_require.rb:31:in `gem_original_require'
/usr/lib/ruby/site_ruby/1.8/rubygems/custom_require.rb:31:in `require'
script/server:3

ActionView::TemplateError (compile error
/home/Administrateur/projects/text-project/blog/textile/app/views/sections/show.html.erb:7: syntax error, unexpected tSYMBEG, expecting ')'
... :thumb , @section.image.url :thumb ).to_s); @output_buffer....
                              ^) on line #7 of app/views/sections/show.html.erb:
4: </p>
5: <p>
6:   <b>Image:</b>
7:   <%= image_tag @section.image.url :thumb , @section.image.url :thumb %>
8: </p>
9: 
10: <p>

    app/views/sections/show.html.erb:35:in `compile!'
    app/controllers/sections_controller.rb:19:in `show'
    /usr/lib/ruby/1.8/webrick/httpserver.rb:104:in `service'
    /usr/lib/ruby/1.8/webrick/httpserver.rb:65:in `run'
    /usr/lib/ruby/1.8/webrick/server.rb:173:in `start_thread'
    /usr/lib/ruby/1.8/webrick/server.rb:162:in `start'
    /usr/lib/ruby/1.8/webrick/server.rb:162:in `start_thread'
    /usr/lib/ruby/1.8/webrick/server.rb:95:in `start'
    /usr/lib/ruby/1.8/webrick/server.rb:92:in `each'
    /usr/lib/ruby/1.8/webrick/server.rb:92:in `start'
    /usr/lib/ruby/1.8/webrick/server.rb:23:in `start'
    /usr/lib/ruby/1.8/webrick/server.rb:82:in `start'

Rendered rescues/_trace (881.0ms)
Rendered rescues/_request_and_response (20.0ms)
Rendering rescues/layout (internal_server_error)


Processing SectionsController#show (for 127.0.0.1 at 2009-07-03 07:20:11) [GET]
  Parameters: {"id"=>"1"}
  [4;36;1mSection Load (3.0ms)[0m   [0;1mSELECT * FROM "sections" WHERE ("sections"."id" = 1) [0m
Rendering template within layouts/application
Rendering sections/show

ActionView::TemplateError (undefined method `symbolize_keys!' for "/assets/sections/1/thumb/hacker.jpg?1246598192":String) on line #7 of app/views/sections/show.html.erb:
4: </p>
5: <p>
6:   <b>Image:</b>
7:   <%= image_tag @section.image.url(:thumb) , @section.image.url(:thumb) %>
8: </p>
9: 
10: <p>

    app/views/sections/show.html.erb:7
    app/controllers/sections_controller.rb:19:in `show'
    /usr/lib/ruby/1.8/webrick/httpserver.rb:104:in `service'
    /usr/lib/ruby/1.8/webrick/httpserver.rb:65:in `run'
    /usr/lib/ruby/1.8/webrick/server.rb:173:in `start_thread'
    /usr/lib/ruby/1.8/webrick/server.rb:162:in `start'
    /usr/lib/ruby/1.8/webrick/server.rb:162:in `start_thread'
    /usr/lib/ruby/1.8/webrick/server.rb:95:in `start'
    /usr/lib/ruby/1.8/webrick/server.rb:92:in `each'
    /usr/lib/ruby/1.8/webrick/server.rb:92:in `start'
    /usr/lib/ruby/1.8/webrick/server.rb:23:in `start'
    /usr/lib/ruby/1.8/webrick/server.rb:82:in `start'

Rendered rescues/_trace (1284.0ms)
Rendered rescues/_request_and_response (2.0ms)
Rendering rescues/layout (internal_server_error)


Processing SectionsController#show (for 127.0.0.1 at 2009-07-03 07:20:26) [GET]
  Parameters: {"id"=>"1"}
  [4;35;1mSection Load (2.0ms)[0m   [0mSELECT * FROM "sections" WHERE ("sections"."id" = 1) [0m
Rendering template within layouts/application
Rendering sections/show
Completed in 255ms (View: 123, DB: 2) | 200 OK [http://localhost/sections/1]


Processing SectionsController#index (for 127.0.0.1 at 2009-07-03 08:04:57) [GET]
  [4;36;1mSection Load (4.0ms)[0m   [0;1mSELECT * FROM "sections" [0m
Rendering template within layouts/application
Rendering sections/index
Completed in 194ms (View: 129, DB: 4) | 200 OK [http://localhost/sections]


Processing SectionsController#new (for 127.0.0.1 at 2009-07-03 08:08:36) [GET]
Rendering template within layouts/application
Rendering sections/new
Completed in 224ms (View: 100, DB: 0) | 200 OK [http://localhost/sections/new]


Processing SectionsController#create (for 127.0.0.1 at 2009-07-03 08:09:01) [POST]
  Parameters: {"section"=>{"title"=>"section 2", "meta"=>"", "content"=>"", "image"=>#<File:/cygdrive/c/DOCUME~1/ADMINI~1/LOCALS~1/Temp/RackMultipart20090703-3608-1p0d2ce-0>, "status"=>"0", "keywords"=>""}, "commit"=>"Create", "authenticity_token"=>"CwKI5hUXMip1jJjIkKwSclIaF0xcumMGZ5ymXCfDSM4="}
  [4;35;1mSection Create (4.0ms)[0m   [0mINSERT INTO "sections" ("created_at", "image_file_name", "title", "image_file_size", "updated_at", "image_content_type", "meta", "content", "status", "image_updated_at", "keywords") VALUES('2009-07-03 06:09:14', 'hacker.jpg', 'section 2', 25997, '2009-07-03 06:09:14', 'image/jpeg', '', '', 'f', '2009-07-03 06:09:01', '')[0m
[paperclip] Saving attachments.
[paperclip] saving /home/Administrateur/projects/text-project/blog/textile/public/assets/sections/2/thumb/hacker.jpg
[paperclip] saving /home/Administrateur/projects/text-project/blog/textile/public/assets/sections/2/original/hacker.jpg
[paperclip] saving /home/Administrateur/projects/text-project/blog/textile/public/assets/sections/2/small/hacker.jpg
Redirected to http://localhost:3000/sections/2
Completed in 13413ms (DB: 4) | 302 Found [http://localhost/sections]


Processing SectionsController#show (for 127.0.0.1 at 2009-07-03 08:09:15) [GET]
  Parameters: {"id"=>"2"}
  [4;36;1mSection Load (2.0ms)[0m   [0;1mSELECT * FROM "sections" WHERE ("sections"."id" = 2) [0m
Rendering template within layouts/application
Rendering sections/show
Completed in 220ms (View: 105, DB: 2) | 200 OK [http://localhost/sections/2]
  [4;36;1mSQL (4.0ms)[0m   [0;1m SELECT name
 FROM sqlite_master
 WHERE type = 'table' AND NOT name = 'sqlite_sequence'
[0m
  [4;35;1mSQL (2.0ms)[0m   [0mSELECT version FROM schema_migrations[0m
Migrating to CreateSections (20090703023426)
Migrating to AddAttachmentsImageToSections (20090703050741)
Migrating to CreateArticles (20090703061341)
  [4;36;1mSQL (1.0ms)[0m   [0;1mselect sqlite_version(*)[0m
  [4;36;1mSQL (5.0ms)[0m   [0;1m SELECT name
 FROM sqlite_master
 WHERE type = 'table' AND NOT name = 'sqlite_sequence'
[0m
  [4;35;1mSQL (2.0ms)[0m   [0mSELECT version FROM schema_migrations[0m
Migrating to CreateSections (20090703023426)
Migrating to AddAttachmentsImageToSections (20090703050741)
Migrating to CreateArticles (20090703061341)
  [4;36;1mSQL (1.0ms)[0m   [0;1mselect sqlite_version(*)[0m
  [4;35;1mSQL (51.0ms)[0m   [0mCREATE TABLE "articles" ("id" INTEGER PRIMARY KEY AUTOINCREMENT NOT NULL, "title" varchar(255), "content" text, "s_publish" date, "e_publish" date, "page_title" varchar(255), "keywords" varchar(255), "meta" varchar(255), "status" boolean DEFAULT 'f', "created_at" datetime, "updated_at" datetime) [0m
  [4;36;1mSQL (1.0ms)[0m   [0;1mINSERT INTO schema_migrations (version) VALUES ('20090703061341')[0m
Migrating to AddAttachmentsImageToArticles (20090703061725)
  [4;35;1mSQL (30.0ms)[0m   [0mALTER TABLE "articles" ADD "image_file_name" varchar(255)[0m
  [4;36;1mSQL (2.0ms)[0m   [0;1mALTER TABLE "articles" ADD "image_content_type" varchar(255)[0m
  [4;35;1mSQL (2.0ms)[0m   [0mALTER TABLE "articles" ADD "image_file_size" integer[0m
  [4;36;1mSQL (2.0ms)[0m   [0;1mALTER TABLE "articles" ADD "image_updated_at" datetime[0m
  [4;35;1mSQL (1.0ms)[0m   [0mINSERT INTO schema_migrations (version) VALUES ('20090703061725')[0m
  [4;36;1mSQL (3.0ms)[0m   [0;1m SELECT name
 FROM sqlite_master
 WHERE type = 'table' AND NOT name = 'sqlite_sequence'
[0m
  [4;35;1mSQL (2.0ms)[0m   [0mSELECT version FROM schema_migrations[0m
  [4;36;1mSQL (2.0ms)[0m   [0;1m SELECT name
 FROM sqlite_master
 WHERE type = 'table' AND NOT name = 'sqlite_sequence'
[0m
  [4;35;1mSQL (0.0ms)[0m   [0mPRAGMA index_list("articles")[0m
  [4;36;1mSQL (0.0ms)[0m   [0;1mPRAGMA index_list("sections")[0m


Processing SectionsController#index (for 127.0.0.1 at 2009-07-03 08:21:54) [GET]
  [4;35;1mSection Load (5.0ms)[0m   [0mSELECT * FROM "sections" [0m
Rendering template within layouts/application
Rendering sections/index
Completed in 270ms (View: 145, DB: 5) | 200 OK [http://localhost/sections]


Processing SectionsController#index (for 127.0.0.1 at 2009-07-03 08:22:36) [GET]
  [4;36;1mSection Load (19.0ms)[0m   [0;1mSELECT * FROM "sections" [0m
Rendering template within layouts/application
Rendering sections/index
Completed in 1151ms (View: 1008, DB: 19) | 200 OK [http://localhost/sections]


Processing SectionsController#show (for 127.0.0.1 at 2009-07-03 08:22:45) [GET]
  Parameters: {"id"=>"1"}
  [4;35;1mSection Load (3.0ms)[0m   [0mSELECT * FROM "sections" WHERE ("sections"."id" = 1) [0m
Rendering template within layouts/application
Rendering sections/show
Completed in 344ms (View: 111, DB: 3) | 200 OK [http://localhost/sections/1]
